<?xml version="1.0" encoding="UTF-8"?>
<testsuite name="com.monster.luvCocktail.LuvCocktailApplicationTests" tests="1" skipped="0" failures="0" errors="0" timestamp="2024-05-14T03:29:29" hostname="SKYBORYPC" time="0.494">
  <properties/>
  <testcase name="contextLoads()" classname="com.monster.luvCocktail.LuvCocktailApplicationTests" time="0.494"/>
  <system-out><![CDATA[12:29:24.187 [Test worker] INFO org.springframework.test.context.support.AnnotationConfigContextLoaderUtils -- Could not detect default configuration classes for test class [com.monster.luvCocktail.LuvCocktailApplicationTests]: LuvCocktailApplicationTests does not declare any static, non-private, non-final, nested classes annotated with @Configuration.
12:29:24.289 [Test worker] INFO org.springframework.boot.test.context.SpringBootTestContextBootstrapper -- Found @SpringBootConfiguration com.monster.luvCocktail.LuvCocktailApplication for test class com.monster.luvCocktail.LuvCocktailApplicationTests

  .   ____          _            __ _ _
 /\\ / ___'_ __ _ _(_)_ __  __ _ \ \ \ \
( ( )\___ | '_ | '_| | '_ \/ _` | \ \ \ \
 \\/  ___)| |_)| | | | | || (_| |  ) ) ) )
  '  |____| .__|_| |_|_| |_\__, | / / / /
 =========|_|==============|___/=/_/_/_/
 :: Spring Boot ::                (v3.2.5)

2024-05-14T12:29:24.719+09:00  INFO 25296 --- [luvCocktail] [    Test worker] c.m.l.LuvCocktailApplicationTests        : Starting LuvCocktailApplicationTests using Java 17.0.10 with PID 25296 (started by TYKIM in C:\Users\TYKIM\Desktop\workspace\LuvCocktail\Monster_Main)
2024-05-14T12:29:24.720+09:00  INFO 25296 --- [luvCocktail] [    Test worker] c.m.l.LuvCocktailApplicationTests        : No active profile set, falling back to 1 default profile: "default"
2024-05-14T12:29:25.654+09:00  INFO 25296 --- [luvCocktail] [    Test worker] .s.d.r.c.RepositoryConfigurationDelegate : Bootstrapping Spring Data JPA repositories in DEFAULT mode.
2024-05-14T12:29:25.782+09:00  INFO 25296 --- [luvCocktail] [    Test worker] .s.d.r.c.RepositoryConfigurationDelegate : Finished Spring Data repository scanning in 114 ms. Found 1 JPA repository interface.
2024-05-14T12:29:26.390+09:00  INFO 25296 --- [luvCocktail] [    Test worker] o.hibernate.jpa.internal.util.LogHelper  : HHH000204: Processing PersistenceUnitInfo [name: default]
2024-05-14T12:29:26.451+09:00  INFO 25296 --- [luvCocktail] [    Test worker] org.hibernate.Version                    : HHH000412: Hibernate ORM core version 6.4.4.Final
2024-05-14T12:29:26.490+09:00  INFO 25296 --- [luvCocktail] [    Test worker] o.h.c.internal.RegionFactoryInitiator    : HHH000026: Second-level cache disabled
2024-05-14T12:29:26.829+09:00  INFO 25296 --- [luvCocktail] [    Test worker] o.s.o.j.p.SpringPersistenceUnitInfo      : No LoadTimeWeaver setup: ignoring JPA class transformer
2024-05-14T12:29:26.856+09:00  INFO 25296 --- [luvCocktail] [    Test worker] com.zaxxer.hikari.HikariDataSource       : HikariPool-1 - Starting...
2024-05-14T12:29:27.331+09:00  INFO 25296 --- [luvCocktail] [    Test worker] com.zaxxer.hikari.pool.HikariPool        : HikariPool-1 - Added connection com.mysql.cj.jdbc.ConnectionImpl@5bbf744b
2024-05-14T12:29:27.333+09:00  INFO 25296 --- [luvCocktail] [    Test worker] com.zaxxer.hikari.HikariDataSource       : HikariPool-1 - Start completed.
2024-05-14T12:29:28.403+09:00  INFO 25296 --- [luvCocktail] [    Test worker] o.h.e.t.j.p.i.JtaPlatformInitiator       : HHH000489: No JTA platform available (set 'hibernate.transaction.jta.platform' to enable JTA platform integration)
2024-05-14T12:29:28.601+09:00  INFO 25296 --- [luvCocktail] [    Test worker] j.LocalContainerEntityManagerFactoryBean : Initialized JPA EntityManagerFactory for persistence unit 'default'
2024-05-14T12:29:29.251+09:00  WARN 25296 --- [luvCocktail] [    Test worker] JpaBaseConfiguration$JpaWebConfiguration : spring.jpa.open-in-view is enabled by default. Therefore, database queries may be performed during view rendering. Explicitly configure spring.jpa.open-in-view to disable this warning
2024-05-14T12:29:29.735+09:00  INFO 25296 --- [luvCocktail] [    Test worker] c.m.l.LuvCocktailApplicationTests        : Started LuvCocktailApplicationTests in 5.285 seconds (process running for 6.496)
]]></system-out>
  <system-err><![CDATA[]]></system-err>
</testsuite>
